0 info it worked if it ends with ok
1 verbose cli [ '/Users/vramanujam/.nvm/versions/node/v7.5.0/bin/node',
1 verbose cli   '/Users/vramanujam/.nvm/versions/node/v7.5.0/bin/npm',
1 verbose cli   'run',
1 verbose cli   'build:assets:watch' ]
2 info using npm@4.1.2
3 info using node@v7.5.0
4 verbose run-script [ 'prebuild:assets:watch',
4 verbose run-script   'build:assets:watch',
4 verbose run-script   'postbuild:assets:watch' ]
5 info lifecycle vik-ramanujam-resume@0.0.9~prebuild:assets:watch: vik-ramanujam-resume@0.0.9
6 silly lifecycle vik-ramanujam-resume@0.0.9~prebuild:assets:watch: no script for prebuild:assets:watch, continuing
7 info lifecycle vik-ramanujam-resume@0.0.9~build:assets:watch: vik-ramanujam-resume@0.0.9
8 verbose lifecycle vik-ramanujam-resume@0.0.9~build:assets:watch: unsafe-perm in lifecycle true
9 verbose lifecycle vik-ramanujam-resume@0.0.9~build:assets:watch: PATH: /Users/vramanujam/.nvm/versions/node/v7.5.0/lib/node_modules/npm/bin/node-gyp-bin:/Users/vramanujam/Sites/resume/node_modules/.bin:/Users/vramanujam/.cargo/bin:/Users/vramanujam/.nvm/versions/node/v7.5.0/bin:/Users/vramanujam/Library/Android/sdk/tools:/Users/vramanujam/Library/Android/sdk/platform-tools:/usr/local/bin:/usr/bin:/bin:/usr/sbin:/Users/vramanujam/bin:/usr/local/bin:/usr/bin:/bin:/usr/sbin:/sbin:/Applications/Visual\ Studio\ Code.app/Contents/Resources/app/bin/:/opt/X11/bin:/Library/Frameworks/Mono.framework/Versions/Current/Commands:/Applications/XAMPP/bin:/Users/vramanujam/.fzf/bin
10 verbose lifecycle vik-ramanujam-resume@0.0.9~build:assets:watch: CWD: /Users/vramanujam/Sites/resume
11 silly lifecycle vik-ramanujam-resume@0.0.9~build:assets:watch: Args: [ '-c', 'npm run -w assets/styles.scss build:assets ' ]
12 silly lifecycle vik-ramanujam-resume@0.0.9~build:assets:watch: Returned: code: 1  signal: null
13 info lifecycle vik-ramanujam-resume@0.0.9~build:assets:watch: Failed to exec build:assets:watch script
14 verbose stack Error: vik-ramanujam-resume@0.0.9 build:assets:watch: `npm run -w assets/styles.scss build:assets `
14 verbose stack Exit status 1
14 verbose stack     at EventEmitter.<anonymous> (/Users/vramanujam/.nvm/versions/node/v7.5.0/lib/node_modules/npm/lib/utils/lifecycle.js:279:16)
14 verbose stack     at emitTwo (events.js:106:13)
14 verbose stack     at EventEmitter.emit (events.js:192:7)
14 verbose stack     at ChildProcess.<anonymous> (/Users/vramanujam/.nvm/versions/node/v7.5.0/lib/node_modules/npm/lib/utils/spawn.js:40:14)
14 verbose stack     at emitTwo (events.js:106:13)
14 verbose stack     at ChildProcess.emit (events.js:192:7)
14 verbose stack     at maybeClose (internal/child_process.js:890:16)
14 verbose stack     at Process.ChildProcess._handle.onexit (internal/child_process.js:226:5)
15 verbose pkgid vik-ramanujam-resume@0.0.9
16 verbose cwd /Users/vramanujam/Sites/resume
17 error Darwin 17.4.0
18 error argv "/Users/vramanujam/.nvm/versions/node/v7.5.0/bin/node" "/Users/vramanujam/.nvm/versions/node/v7.5.0/bin/npm" "run" "build:assets:watch"
19 error node v7.5.0
20 error npm  v4.1.2
21 error code ELIFECYCLE
22 error vik-ramanujam-resume@0.0.9 build:assets:watch: `npm run -w assets/styles.scss build:assets `
22 error Exit status 1
23 error Failed at the vik-ramanujam-resume@0.0.9 build:assets:watch script 'npm run -w assets/styles.scss build:assets '.
23 error Make sure you have the latest version of node.js and npm installed.
23 error If you do, this is most likely a problem with the vik-ramanujam-resume package,
23 error not with npm itself.
23 error Tell the author that this fails on your system:
23 error     npm run -w assets/styles.scss build:assets
23 error You can get information on how to open an issue for this project with:
23 error     npm bugs vik-ramanujam-resume
23 error Or if that isn't available, you can get their info via:
23 error     npm owner ls vik-ramanujam-resume
23 error There is likely additional logging output above.
24 verbose exit [ 1, true ]
